<?xml version="1.0" encoding="UTF-8"?>
<coverage generated="1597980777426" clover="3.2.0">
  <project timestamp="1597980777426" name="All files">
    <metrics statements="18" coveredstatements="18" conditionals="12" coveredconditionals="6" methods="7" coveredmethods="7" elements="37" coveredelements="31" complexity="0" loc="18" ncloc="18" packages="3" files="4" classes="4"/>
    <package name="components">
      <metrics statements="17" coveredstatements="17" conditionals="12" coveredconditionals="6" methods="7" coveredmethods="7"/>
      <file name="Icon.js" path="/Users/murilomedeiros/Documents/awesome/src/assets/components/Icon.js">
        <metrics statements="1" coveredstatements="1" conditionals="0" coveredconditionals="0" methods="1" coveredmethods="1"/>
        <line num="5" count="2" type="stmt"/>
      </file>
      <file name="WasteCardItem.js" path="/Users/murilomedeiros/Documents/awesome/src/assets/components/WasteCardItem.js">
        <metrics statements="16" coveredstatements="16" conditionals="12" coveredconditionals="6" methods="6" coveredmethods="6"/>
        <line num="7" count="1" type="stmt"/>
        <line num="14" count="1" type="stmt"/>
        <line num="18" count="1" type="stmt"/>
        <line num="22" count="1" type="stmt"/>
        <line num="27" count="1" type="stmt"/>
        <line num="32" count="1" type="cond" truecount="1" falsecount="1"/>
        <line num="33" count="1" type="cond" truecount="1" falsecount="1"/>
        <line num="35" count="1" type="stmt"/>
        <line num="40" count="1" type="cond" truecount="1" falsecount="1"/>
        <line num="42" count="1" type="stmt"/>
        <line num="46" count="1" type="stmt"/>
        <line num="51" count="1" type="cond" truecount="1" falsecount="1"/>
        <line num="52" count="1" type="cond" truecount="1" falsecount="1"/>
        <line num="55" count="1" type="stmt"/>
        <line num="56" count="2" type="stmt"/>
        <line num="86" count="1" type="stmt"/>
      </file>
    </package>
    <package name="styles">
      <metrics statements="1" coveredstatements="1" conditionals="0" coveredconditionals="0" methods="0" coveredmethods="0"/>
      <file name="colors.js" path="/Users/murilomedeiros/Documents/awesome/src/assets/styles/colors.js">
        <metrics statements="1" coveredstatements="1" conditionals="0" coveredconditionals="0" methods="0" coveredmethods="0"/>
        <line num="1" count="1" type="stmt"/>
      </file>
    </package>
    <package name="svgs">
      <metrics statements="0" coveredstatements="0" conditionals="0" coveredconditionals="0" methods="0" coveredmethods="0"/>
      <file name="index.js" path="/Users/murilomedeiros/Documents/awesome/src/assets/svgs/index.js">
        <metrics statements="0" coveredstatements="0" conditionals="0" coveredconditionals="0" methods="0" coveredmethods="0"/>
      </file>
    </package>
  </project>
</coverage>
