{"/Users/murilomedeiros/Documents/awesome/src/assets/components/Icon.js": {"path":"/Users/murilomedeiros/Documents/awesome/src/assets/components/Icon.js","statementMap":{"0":{"start":{"line":5,"column":13},"end":{"line":5,"column":58}},"1":{"start":{"line":5,"column":24},"end":{"line":5,"column":58}}},"fnMap":{"0":{"name":"(anonymous_0)","decl":{"start":{"line":5,"column":13},"end":{"line":5,"column":14}},"loc":{"start":{"line":5,"column":24},"end":{"line":5,"column":58}},"line":5}},"branchMap":{},"s":{"0":1,"1":2},"f":{"0":2},"b":{},"_coverageSchema":"43e27e138ebf9cfc5966b082cf9a028302ed4184","hash":"bff1907b64b6d7d93d3719f0abf205560732c897"}
,"/Users/murilomedeiros/Documents/awesome/src/assets/components/WasteCardItem.js": {"path":"/Users/murilomedeiros/Documents/awesome/src/assets/components/WasteCardItem.js","statementMap":{"0":{"start":{"line":7,"column":18},"end":{"line":13,"column":1}},"1":{"start":{"line":14,"column":20},"end":{"line":17,"column":1}},"2":{"start":{"line":18,"column":20},"end":{"line":21,"column":1}},"3":{"start":{"line":22,"column":21},"end":{"line":26,"column":1}},"4":{"start":{"line":27,"column":14},"end":{"line":34,"column":1}},"5":{"start":{"line":32,"column":45},"end":{"line":32,"column":79}},"6":{"start":{"line":33,"column":30},"end":{"line":33,"column":76}},"7":{"start":{"line":35,"column":17},"end":{"line":41,"column":1}},"8":{"start":{"line":40,"column":30},"end":{"line":40,"column":78}},"9":{"start":{"line":42,"column":17},"end":{"line":45,"column":1}},"10":{"start":{"line":46,"column":18},"end":{"line":53,"column":1}},"11":{"start":{"line":51,"column":45},"end":{"line":51,"column":79}},"12":{"start":{"line":52,"column":30},"end":{"line":52,"column":76}},"13":{"start":{"line":55,"column":22},"end":{"line":84,"column":1}},"14":{"start":{"line":56,"column":2},"end":{"line":83,"column":14}},"15":{"start":{"line":86,"column":0},"end":{"line":91,"column":2}}},"fnMap":{"0":{"name":"(anonymous_0)","decl":{"start":{"line":32,"column":26},"end":{"line":32,"column":27}},"loc":{"start":{"line":32,"column":45},"end":{"line":32,"column":79}},"line":32},"1":{"name":"(anonymous_1)","decl":{"start":{"line":33,"column":11},"end":{"line":33,"column":12}},"loc":{"start":{"line":33,"column":30},"end":{"line":33,"column":76}},"line":33},"2":{"name":"(anonymous_2)","decl":{"start":{"line":40,"column":11},"end":{"line":40,"column":12}},"loc":{"start":{"line":40,"column":30},"end":{"line":40,"column":78}},"line":40},"3":{"name":"(anonymous_3)","decl":{"start":{"line":51,"column":26},"end":{"line":51,"column":27}},"loc":{"start":{"line":51,"column":45},"end":{"line":51,"column":79}},"line":51},"4":{"name":"(anonymous_4)","decl":{"start":{"line":52,"column":11},"end":{"line":52,"column":12}},"loc":{"start":{"line":52,"column":30},"end":{"line":52,"column":76}},"line":52},"5":{"name":"(anonymous_5)","decl":{"start":{"line":55,"column":22},"end":{"line":55,"column":23}},"loc":{"start":{"line":56,"column":2},"end":{"line":83,"column":14}},"line":56}},"branchMap":{"0":{"loc":{"start":{"line":32,"column":45},"end":{"line":32,"column":79}},"type":"cond-expr","locations":[{"start":{"line":32,"column":56},"end":{"line":32,"column":70}},{"start":{"line":32,"column":73},"end":{"line":32,"column":79}}],"line":32},"1":{"loc":{"start":{"line":33,"column":30},"end":{"line":33,"column":76}},"type":"cond-expr","locations":[{"start":{"line":33,"column":41},"end":{"line":33,"column":58}},{"start":{"line":33,"column":61},"end":{"line":33,"column":76}}],"line":33},"2":{"loc":{"start":{"line":40,"column":30},"end":{"line":40,"column":78}},"type":"cond-expr","locations":[{"start":{"line":40,"column":41},"end":{"line":40,"column":58}},{"start":{"line":40,"column":61},"end":{"line":40,"column":78}}],"line":40},"3":{"loc":{"start":{"line":51,"column":45},"end":{"line":51,"column":79}},"type":"cond-expr","locations":[{"start":{"line":51,"column":56},"end":{"line":51,"column":70}},{"start":{"line":51,"column":73},"end":{"line":51,"column":79}}],"line":51},"4":{"loc":{"start":{"line":52,"column":30},"end":{"line":52,"column":76}},"type":"cond-expr","locations":[{"start":{"line":52,"column":41},"end":{"line":52,"column":58}},{"start":{"line":52,"column":61},"end":{"line":52,"column":76}}],"line":52},"5":{"loc":{"start":{"line":75,"column":16},"end":{"line":75,"column":59}},"type":"cond-expr","locations":[{"start":{"line":75,"column":27},"end":{"line":75,"column":44}},{"start":{"line":75,"column":47},"end":{"line":75,"column":59}}],"line":75}},"s":{"0":1,"1":1,"2":1,"3":1,"4":1,"5":1,"6":1,"7":1,"8":1,"9":1,"10":1,"11":1,"12":1,"13":1,"14":2,"15":1},"f":{"0":1,"1":1,"2":1,"3":1,"4":1,"5":2},"b":{"0":[1,0],"1":[1,0],"2":[1,0],"3":[1,0],"4":[1,0],"5":[2,0]},"_coverageSchema":"43e27e138ebf9cfc5966b082cf9a028302ed4184","hash":"a0ecf5de2d5ff81dd7670c4d0db0e203f0a8bf74"}
,"/Users/murilomedeiros/Documents/awesome/src/assets/styles/colors.js": {"path":"/Users/murilomedeiros/Documents/awesome/src/assets/styles/colors.js","statementMap":{"0":{"start":{"line":1,"column":22},"end":{"line":10,"column":1}}},"fnMap":{},"branchMap":{},"s":{"0":1},"f":{},"b":{},"_coverageSchema":"43e27e138ebf9cfc5966b082cf9a028302ed4184","hash":"c294916995ebe74cf7057b0fbb5e0530474f70a8"}
,"/Users/murilomedeiros/Documents/awesome/src/assets/svgs/index.js": {"path":"/Users/murilomedeiros/Documents/awesome/src/assets/svgs/index.js","statementMap":{},"fnMap":{},"branchMap":{},"s":{},"f":{},"b":{},"_coverageSchema":"43e27e138ebf9cfc5966b082cf9a028302ed4184","hash":"83728800c792a0df3b1e9f00080cece3f7ee3d2a"}
}
