{"/Users/murilomedeiros/Documents/awesome/src/assets/components/Icon.js": {"path":"/Users/murilomedeiros/Documents/awesome/src/assets/components/Icon.js","statementMap":{"0":{"start":{"line":5,"column":13},"end":{"line":5,"column":58}},"1":{"start":{"line":5,"column":24},"end":{"line":5,"column":58}}},"fnMap":{"0":{"name":"(anonymous_0)","decl":{"start":{"line":5,"column":13},"end":{"line":5,"column":14}},"loc":{"start":{"line":5,"column":24},"end":{"line":5,"column":58}},"line":5}},"branchMap":{},"s":{"0":1,"1":12},"f":{"0":12},"b":{},"_coverageSchema":"43e27e138ebf9cfc5966b082cf9a028302ed4184","hash":"bff1907b64b6d7d93d3719f0abf205560732c897"}
,"/Users/murilomedeiros/Documents/awesome/src/assets/components/WasteCardItem.js": {"path":"/Users/murilomedeiros/Documents/awesome/src/assets/components/WasteCardItem.js","statementMap":{"0":{"start":{"line":7,"column":18},"end":{"line":13,"column":1}},"1":{"start":{"line":14,"column":20},"end":{"line":17,"column":1}},"2":{"start":{"line":18,"column":20},"end":{"line":21,"column":1}},"3":{"start":{"line":22,"column":21},"end":{"line":26,"column":1}},"4":{"start":{"line":27,"column":14},"end":{"line":34,"column":1}},"5":{"start":{"line":32,"column":45},"end":{"line":32,"column":79}},"6":{"start":{"line":33,"column":30},"end":{"line":33,"column":76}},"7":{"start":{"line":35,"column":17},"end":{"line":41,"column":1}},"8":{"start":{"line":40,"column":30},"end":{"line":40,"column":78}},"9":{"start":{"line":42,"column":17},"end":{"line":45,"column":1}},"10":{"start":{"line":46,"column":18},"end":{"line":53,"column":1}},"11":{"start":{"line":51,"column":45},"end":{"line":51,"column":79}},"12":{"start":{"line":52,"column":30},"end":{"line":52,"column":76}},"13":{"start":{"line":55,"column":22},"end":{"line":84,"column":1}},"14":{"start":{"line":56,"column":2},"end":{"line":83,"column":14}},"15":{"start":{"line":86,"column":0},"end":{"line":91,"column":2}}},"fnMap":{"0":{"name":"(anonymous_0)","decl":{"start":{"line":32,"column":26},"end":{"line":32,"column":27}},"loc":{"start":{"line":32,"column":45},"end":{"line":32,"column":79}},"line":32},"1":{"name":"(anonymous_1)","decl":{"start":{"line":33,"column":11},"end":{"line":33,"column":12}},"loc":{"start":{"line":33,"column":30},"end":{"line":33,"column":76}},"line":33},"2":{"name":"(anonymous_2)","decl":{"start":{"line":40,"column":11},"end":{"line":40,"column":12}},"loc":{"start":{"line":40,"column":30},"end":{"line":40,"column":78}},"line":40},"3":{"name":"(anonymous_3)","decl":{"start":{"line":51,"column":26},"end":{"line":51,"column":27}},"loc":{"start":{"line":51,"column":45},"end":{"line":51,"column":79}},"line":51},"4":{"name":"(anonymous_4)","decl":{"start":{"line":52,"column":11},"end":{"line":52,"column":12}},"loc":{"start":{"line":52,"column":30},"end":{"line":52,"column":76}},"line":52},"5":{"name":"(anonymous_5)","decl":{"start":{"line":55,"column":22},"end":{"line":55,"column":23}},"loc":{"start":{"line":56,"column":2},"end":{"line":83,"column":14}},"line":56}},"branchMap":{"0":{"loc":{"start":{"line":32,"column":45},"end":{"line":32,"column":79}},"type":"cond-expr","locations":[{"start":{"line":32,"column":56},"end":{"line":32,"column":70}},{"start":{"line":32,"column":73},"end":{"line":32,"column":79}}],"line":32},"1":{"loc":{"start":{"line":33,"column":30},"end":{"line":33,"column":76}},"type":"cond-expr","locations":[{"start":{"line":33,"column":41},"end":{"line":33,"column":58}},{"start":{"line":33,"column":61},"end":{"line":33,"column":76}}],"line":33},"2":{"loc":{"start":{"line":40,"column":30},"end":{"line":40,"column":78}},"type":"cond-expr","locations":[{"start":{"line":40,"column":41},"end":{"line":40,"column":58}},{"start":{"line":40,"column":61},"end":{"line":40,"column":78}}],"line":40},"3":{"loc":{"start":{"line":51,"column":45},"end":{"line":51,"column":79}},"type":"cond-expr","locations":[{"start":{"line":51,"column":56},"end":{"line":51,"column":70}},{"start":{"line":51,"column":73},"end":{"line":51,"column":79}}],"line":51},"4":{"loc":{"start":{"line":52,"column":30},"end":{"line":52,"column":76}},"type":"cond-expr","locations":[{"start":{"line":52,"column":41},"end":{"line":52,"column":58}},{"start":{"line":52,"column":61},"end":{"line":52,"column":76}}],"line":52},"5":{"loc":{"start":{"line":75,"column":16},"end":{"line":75,"column":59}},"type":"cond-expr","locations":[{"start":{"line":75,"column":27},"end":{"line":75,"column":44}},{"start":{"line":75,"column":47},"end":{"line":75,"column":59}}],"line":75}},"s":{"0":1,"1":1,"2":1,"3":1,"4":1,"5":5,"6":5,"7":1,"8":5,"9":1,"10":1,"11":5,"12":5,"13":1,"14":5,"15":1},"f":{"0":5,"1":5,"2":5,"3":5,"4":5,"5":5},"b":{"0":[1,4],"1":[1,4],"2":[1,4],"3":[1,4],"4":[1,4],"5":[1,4]},"_coverageSchema":"43e27e138ebf9cfc5966b082cf9a028302ed4184","hash":"a0ecf5de2d5ff81dd7670c4d0db0e203f0a8bf74"}
,"/Users/murilomedeiros/Documents/awesome/src/assets/styles/colors.js": {"path":"/Users/murilomedeiros/Documents/awesome/src/assets/styles/colors.js","statementMap":{"0":{"start":{"line":1,"column":22},"end":{"line":10,"column":1}}},"fnMap":{},"branchMap":{},"s":{"0":1},"f":{},"b":{},"_coverageSchema":"43e27e138ebf9cfc5966b082cf9a028302ed4184","hash":"c294916995ebe74cf7057b0fbb5e0530474f70a8"}
,"/Users/murilomedeiros/Documents/awesome/src/assets/styles/constants.js": {"path":"/Users/murilomedeiros/Documents/awesome/src/assets/styles/constants.js","statementMap":{"0":{"start":{"line":3,"column":28},"end":{"line":3,"column":58}},"1":{"start":{"line":4,"column":29},"end":{"line":4,"column":60}}},"fnMap":{},"branchMap":{},"s":{"0":1,"1":1},"f":{},"b":{},"_coverageSchema":"43e27e138ebf9cfc5966b082cf9a028302ed4184","hash":"22a34a4fa52c2688dafeb94b892804efb1e26208"}
,"/Users/murilomedeiros/Documents/awesome/src/assets/svgs/index.js": {"path":"/Users/murilomedeiros/Documents/awesome/src/assets/svgs/index.js","statementMap":{},"fnMap":{},"branchMap":{},"s":{},"f":{},"b":{},"_coverageSchema":"43e27e138ebf9cfc5966b082cf9a028302ed4184","hash":"83728800c792a0df3b1e9f00080cece3f7ee3d2a"}
,"/Users/murilomedeiros/Documents/awesome/src/ducks/index.js": {"path":"/Users/murilomedeiros/Documents/awesome/src/ducks/index.js","statementMap":{"0":{"start":{"line":3,"column":27},"end":{"line":5,"column":2}},"1":{"start":{"line":3,"column":51},"end":{"line":5,"column":1}},"2":{"start":{"line":7,"column":33},"end":{"line":9,"column":1}}},"fnMap":{"0":{"name":"(anonymous_0)","decl":{"start":{"line":3,"column":27},"end":{"line":3,"column":28}},"loc":{"start":{"line":3,"column":51},"end":{"line":5,"column":1}},"line":3}},"branchMap":{},"s":{"0":1,"1":3,"2":1},"f":{"0":3},"b":{},"_coverageSchema":"43e27e138ebf9cfc5966b082cf9a028302ed4184","hash":"56d593ec0307fbdb14541be21321b883c0365d93"}
,"/Users/murilomedeiros/Documents/awesome/src/helpers/index.js": {"path":"/Users/murilomedeiros/Documents/awesome/src/helpers/index.js","statementMap":{"0":{"start":{"line":3,"column":22},"end":{"line":3,"column":77}},"1":{"start":{"line":3,"column":32},"end":{"line":3,"column":77}},"2":{"start":{"line":4,"column":26},"end":{"line":5,"column":85}},"3":{"start":{"line":5,"column":2},"end":{"line":5,"column":85}}},"fnMap":{"0":{"name":"(anonymous_0)","decl":{"start":{"line":3,"column":22},"end":{"line":3,"column":23}},"loc":{"start":{"line":3,"column":32},"end":{"line":3,"column":77}},"line":3},"1":{"name":"(anonymous_1)","decl":{"start":{"line":4,"column":26},"end":{"line":4,"column":27}},"loc":{"start":{"line":5,"column":2},"end":{"line":5,"column":85}},"line":5}},"branchMap":{},"s":{"0":1,"1":10,"2":1,"3":3},"f":{"0":10,"1":3},"b":{},"_coverageSchema":"43e27e138ebf9cfc5966b082cf9a028302ed4184","hash":"079a7078f2ce17f98b696182552bc603f4876a13"}
,"/Users/murilomedeiros/Documents/awesome/src/screens/components/WastesComponent.js": {"path":"/Users/murilomedeiros/Documents/awesome/src/screens/components/WastesComponent.js","statementMap":{"0":{"start":{"line":10,"column":18},"end":{"line":13,"column":1}},"1":{"start":{"line":14,"column":15},"end":{"line":19,"column":1}},"2":{"start":{"line":20,"column":23},"end":{"line":23,"column":1}},"3":{"start":{"line":24,"column":20},"end":{"line":29,"column":1}},"4":{"start":{"line":30,"column":22},"end":{"line":34,"column":1}},"5":{"start":{"line":35,"column":16},"end":{"line":35,"column":29}},"6":{"start":{"line":36,"column":19},"end":{"line":40,"column":1}},"7":{"start":{"line":41,"column":29},"end":{"line":46,"column":1}},"8":{"start":{"line":47,"column":27},"end":{"line":52,"column":1}},"9":{"start":{"line":53,"column":17},"end":{"line":60,"column":1}},"10":{"start":{"line":61,"column":21},"end":{"line":63,"column":1}},"11":{"start":{"line":64,"column":25},"end":{"line":70,"column":1}},"12":{"start":{"line":71,"column":22},"end":{"line":74,"column":1}},"13":{"start":{"line":75,"column":26},"end":{"line":80,"column":1}},"14":{"start":{"line":81,"column":18},"end":{"line":83,"column":1}},"15":{"start":{"line":85,"column":19},"end":{"line":89,"column":1}},"16":{"start":{"line":91,"column":21},"end":{"line":119,"column":6}},"17":{"start":{"line":92,"column":2},"end":{"line":119,"column":6}},"18":{"start":{"line":93,"column":41},"end":{"line":93,"column":80}},"19":{"start":{"line":95,"column":18},"end":{"line":95,"column":37}},"20":{"start":{"line":96,"column":24},"end":{"line":96,"column":41}},"21":{"start":{"line":97,"column":27},"end":{"line":97,"column":50}},"22":{"start":{"line":98,"column":36},"end":{"line":98,"column":56}},"23":{"start":{"line":100,"column":6},"end":{"line":118,"column":8}},"24":{"start":{"line":121,"column":24},"end":{"line":149,"column":1}},"25":{"start":{"line":122,"column":2},"end":{"line":148,"column":14}},"26":{"start":{"line":151,"column":0},"end":{"line":155,"column":2}}},"fnMap":{"0":{"name":"(anonymous_0)","decl":{"start":{"line":91,"column":21},"end":{"line":91,"column":22}},"loc":{"start":{"line":92,"column":2},"end":{"line":119,"column":6}},"line":92},"1":{"name":"(anonymous_1)","decl":{"start":{"line":93,"column":11},"end":{"line":93,"column":12}},"loc":{"start":{"line":93,"column":41},"end":{"line":93,"column":80}},"line":93},"2":{"name":"(anonymous_2)","decl":{"start":{"line":94,"column":10},"end":{"line":94,"column":11}},"loc":{"start":{"line":94,"column":28},"end":{"line":119,"column":5}},"line":94},"3":{"name":"(anonymous_3)","decl":{"start":{"line":121,"column":24},"end":{"line":121,"column":25}},"loc":{"start":{"line":122,"column":2},"end":{"line":148,"column":14}},"line":122}},"branchMap":{"0":{"loc":{"start":{"line":93,"column":41},"end":{"line":93,"column":80}},"type":"cond-expr","locations":[{"start":{"line":93,"column":74},"end":{"line":93,"column":75}},{"start":{"line":93,"column":78},"end":{"line":93,"column":80}}],"line":93},"1":{"loc":{"start":{"line":102,"column":11},"end":{"line":109,"column":11}},"type":"binary-expr","locations":[{"start":{"line":102,"column":11},"end":{"line":102,"column":32}},{"start":{"line":103,"column":12},"end":{"line":108,"column":25}}],"line":102}},"s":{"0":1,"1":1,"2":1,"3":1,"4":1,"5":1,"6":1,"7":1,"8":1,"9":1,"10":1,"11":1,"12":1,"13":1,"14":1,"15":1,"16":1,"17":2,"18":4,"19":5,"20":5,"21":5,"22":5,"23":5,"24":1,"25":2,"26":1},"f":{"0":2,"1":4,"2":5,"3":2},"b":{"0":[0,4],"1":[5,3]},"_coverageSchema":"43e27e138ebf9cfc5966b082cf9a028302ed4184","hash":"07472f981fa7e22beb4cd188dc26fe55016775bd"}
,"/Users/murilomedeiros/Documents/awesome/src/screens/containers/WastesContainer.js": {"path":"/Users/murilomedeiros/Documents/awesome/src/screens/containers/WastesContainer.js","statementMap":{"0":{"start":{"line":8,"column":23},"end":{"line":14,"column":7}},"1":{"start":{"line":9,"column":2},"end":{"line":14,"column":7}},"2":{"start":{"line":10,"column":4},"end":{"line":12,"column":5}},"3":{"start":{"line":11,"column":6},"end":{"line":11,"column":39}},"4":{"start":{"line":13,"column":4},"end":{"line":13,"column":23}},"5":{"start":{"line":16,"column":24},"end":{"line":31,"column":1}},"6":{"start":{"line":22,"column":6},"end":{"line":22,"column":21}},"7":{"start":{"line":24,"column":16},"end":{"line":24,"column":32}},"8":{"start":{"line":26,"column":2},"end":{"line":28,"column":9}},"9":{"start":{"line":27,"column":4},"end":{"line":27,"column":42}},"10":{"start":{"line":30,"column":2},"end":{"line":30,"column":82}}},"fnMap":{"0":{"name":"(anonymous_0)","decl":{"start":{"line":8,"column":23},"end":{"line":8,"column":24}},"loc":{"start":{"line":9,"column":2},"end":{"line":14,"column":7}},"line":9},"1":{"name":"(anonymous_1)","decl":{"start":{"line":9,"column":17},"end":{"line":9,"column":18}},"loc":{"start":{"line":9,"column":41},"end":{"line":14,"column":3}},"line":9},"2":{"name":"(anonymous_2)","decl":{"start":{"line":16,"column":24},"end":{"line":16,"column":25}},"loc":{"start":{"line":16,"column":30},"end":{"line":31,"column":1}},"line":16},"3":{"name":"(anonymous_3)","decl":{"start":{"line":26,"column":18},"end":{"line":26,"column":19}},"loc":{"start":{"line":26,"column":24},"end":{"line":28,"column":3}},"line":26}},"branchMap":{"0":{"loc":{"start":{"line":10,"column":4},"end":{"line":12,"column":5}},"type":"if","locations":[{"start":{"line":10,"column":4},"end":{"line":12,"column":5}},{"start":{"line":10,"column":4},"end":{"line":12,"column":5}}],"line":10}},"s":{"0":1,"1":2,"2":5,"3":4,"4":1,"5":1,"6":2,"7":2,"8":2,"9":1,"10":2},"f":{"0":2,"1":5,"2":2,"3":1},"b":{"0":[4,1]},"_coverageSchema":"43e27e138ebf9cfc5966b082cf9a028302ed4184","hash":"e735903acf9b9519073bb061e11fcacd8aaa045b"}
,"/Users/murilomedeiros/Documents/awesome/src/state/index.js": {"path":"/Users/murilomedeiros/Documents/awesome/src/state/index.js","statementMap":{"0":{"start":{"line":4,"column":28},"end":{"line":4,"column":43}},"1":{"start":{"line":5,"column":29},"end":{"line":9,"column":1}},"2":{"start":{"line":6,"column":2},"end":{"line":8,"column":26}},"3":{"start":{"line":11,"column":0},"end":{"line":15,"column":2}},"4":{"start":{"line":17,"column":29},"end":{"line":17,"column":59}},"5":{"start":{"line":17,"column":35},"end":{"line":17,"column":59}}},"fnMap":{"0":{"name":"(anonymous_0)","decl":{"start":{"line":5,"column":29},"end":{"line":5,"column":30}},"loc":{"start":{"line":6,"column":2},"end":{"line":8,"column":26}},"line":6},"1":{"name":"(anonymous_1)","decl":{"start":{"line":17,"column":29},"end":{"line":17,"column":30}},"loc":{"start":{"line":17,"column":35},"end":{"line":17,"column":59}},"line":17}},"branchMap":{},"s":{"0":1,"1":1,"2":2,"3":1,"4":1,"5":2},"f":{"0":2,"1":2},"b":{},"_coverageSchema":"43e27e138ebf9cfc5966b082cf9a028302ed4184","hash":"ac688f572d831fc90a53ab38eda1778ff7726040"}
}
