TN:
SF:/Users/murilomedeiros/Documents/awesome/src/assets/components/Icon.js
FN:5,(anonymous_0)
FNF:1
FNH:1
FNDA:2,(anonymous_0)
DA:5,2
LF:1
LH:1
BRF:0
BRH:0
end_of_record
TN:
SF:/Users/murilomedeiros/Documents/awesome/src/assets/components/WasteCardItem.js
FN:32,(anonymous_0)
FN:33,(anonymous_1)
FN:40,(anonymous_2)
FN:51,(anonymous_3)
FN:52,(anonymous_4)
FN:55,(anonymous_5)
FNF:6
FNH:6
FNDA:1,(anonymous_0)
FNDA:1,(anonymous_1)
FNDA:1,(anonymous_2)
FNDA:1,(anonymous_3)
FNDA:1,(anonymous_4)
FNDA:2,(anonymous_5)
DA:7,1
DA:14,1
DA:18,1
DA:22,1
DA:27,1
DA:32,1
DA:33,1
DA:35,1
DA:40,1
DA:42,1
DA:46,1
DA:51,1
DA:52,1
DA:55,1
DA:56,2
DA:86,1
LF:16
LH:16
BRDA:32,0,0,1
BRDA:32,0,1,0
BRDA:33,1,0,1
BRDA:33,1,1,0
BRDA:40,2,0,1
BRDA:40,2,1,0
BRDA:51,3,0,1
BRDA:51,3,1,0
BRDA:52,4,0,1
BRDA:52,4,1,0
BRDA:75,5,0,2
BRDA:75,5,1,0
BRF:12
BRH:6
end_of_record
TN:
SF:/Users/murilomedeiros/Documents/awesome/src/assets/styles/colors.js
FNF:0
FNH:0
DA:1,1
LF:1
LH:1
BRF:0
BRH:0
end_of_record
TN:
SF:/Users/murilomedeiros/Documents/awesome/src/assets/svgs/index.js
FNF:0
FNH:0
LF:0
LH:0
BRF:0
BRH:0
end_of_record
