TN:
SF:/Users/murilomedeiros/Documents/awesome/src/assets/components/Icon.js
FN:5,(anonymous_0)
FNF:1
FNH:1
FNDA:12,(anonymous_0)
DA:5,12
LF:1
LH:1
BRF:0
BRH:0
end_of_record
TN:
SF:/Users/murilomedeiros/Documents/awesome/src/assets/components/WasteCardItem.js
FN:32,(anonymous_0)
FN:33,(anonymous_1)
FN:40,(anonymous_2)
FN:51,(anonymous_3)
FN:52,(anonymous_4)
FN:55,(anonymous_5)
FNF:6
FNH:6
FNDA:5,(anonymous_0)
FNDA:5,(anonymous_1)
FNDA:5,(anonymous_2)
FNDA:5,(anonymous_3)
FNDA:5,(anonymous_4)
FNDA:5,(anonymous_5)
DA:7,1
DA:14,1
DA:18,1
DA:22,1
DA:27,1
DA:32,5
DA:33,5
DA:35,1
DA:40,5
DA:42,1
DA:46,1
DA:51,5
DA:52,5
DA:55,1
DA:56,5
DA:86,1
LF:16
LH:16
BRDA:32,0,0,1
BRDA:32,0,1,4
BRDA:33,1,0,1
BRDA:33,1,1,4
BRDA:40,2,0,1
BRDA:40,2,1,4
BRDA:51,3,0,1
BRDA:51,3,1,4
BRDA:52,4,0,1
BRDA:52,4,1,4
BRDA:75,5,0,1
BRDA:75,5,1,4
BRF:12
BRH:12
end_of_record
TN:
SF:/Users/murilomedeiros/Documents/awesome/src/assets/styles/colors.js
FNF:0
FNH:0
DA:1,1
LF:1
LH:1
BRF:0
BRH:0
end_of_record
TN:
SF:/Users/murilomedeiros/Documents/awesome/src/assets/styles/constants.js
FNF:0
FNH:0
DA:3,1
DA:4,1
LF:2
LH:2
BRF:0
BRH:0
end_of_record
TN:
SF:/Users/murilomedeiros/Documents/awesome/src/assets/svgs/index.js
FNF:0
FNH:0
LF:0
LH:0
BRF:0
BRH:0
end_of_record
TN:
SF:/Users/murilomedeiros/Documents/awesome/src/ducks/index.js
FN:3,(anonymous_0)
FNF:1
FNH:1
FNDA:3,(anonymous_0)
DA:3,3
DA:7,1
LF:2
LH:2
BRF:0
BRH:0
end_of_record
TN:
SF:/Users/murilomedeiros/Documents/awesome/src/helpers/index.js
FN:3,(anonymous_0)
FN:4,(anonymous_1)
FNF:2
FNH:2
FNDA:10,(anonymous_0)
FNDA:3,(anonymous_1)
DA:3,10
DA:4,1
DA:5,3
LF:3
LH:3
BRF:0
BRH:0
end_of_record
TN:
SF:/Users/murilomedeiros/Documents/awesome/src/screens/components/WastesComponent.js
FN:91,(anonymous_0)
FN:93,(anonymous_1)
FN:94,(anonymous_2)
FN:121,(anonymous_3)
FNF:4
FNH:4
FNDA:2,(anonymous_0)
FNDA:4,(anonymous_1)
FNDA:5,(anonymous_2)
FNDA:2,(anonymous_3)
DA:10,1
DA:14,1
DA:20,1
DA:24,1
DA:30,1
DA:35,1
DA:36,1
DA:41,1
DA:47,1
DA:53,1
DA:61,1
DA:64,1
DA:71,1
DA:75,1
DA:81,1
DA:85,1
DA:91,1
DA:92,2
DA:93,4
DA:95,5
DA:96,5
DA:97,5
DA:98,5
DA:100,5
DA:121,1
DA:122,2
DA:151,1
LF:27
LH:27
BRDA:93,0,0,0
BRDA:93,0,1,4
BRDA:102,1,0,5
BRDA:102,1,1,3
BRF:4
BRH:3
end_of_record
TN:
SF:/Users/murilomedeiros/Documents/awesome/src/screens/containers/WastesContainer.js
FN:8,(anonymous_0)
FN:9,(anonymous_1)
FN:16,(anonymous_2)
FN:26,(anonymous_3)
FNF:4
FNH:4
FNDA:2,(anonymous_0)
FNDA:5,(anonymous_1)
FNDA:2,(anonymous_2)
FNDA:1,(anonymous_3)
DA:8,1
DA:9,2
DA:10,5
DA:11,4
DA:13,1
DA:16,1
DA:22,2
DA:24,2
DA:26,2
DA:27,1
DA:30,2
LF:11
LH:11
BRDA:10,0,0,4
BRDA:10,0,1,1
BRF:2
BRH:2
end_of_record
TN:
SF:/Users/murilomedeiros/Documents/awesome/src/state/index.js
FN:5,(anonymous_0)
FN:17,(anonymous_1)
FNF:2
FNH:2
FNDA:2,(anonymous_0)
FNDA:2,(anonymous_1)
DA:4,1
DA:5,1
DA:6,2
DA:11,1
DA:17,2
LF:5
LH:5
BRF:0
BRH:0
end_of_record
